<?xml version="1.0" encoding="UTF-8"?>
<!-- Generated by org.testng.reporters.JUnitXMLReporter -->
<testsuite ignored="0" hostname="LAPTOP-QP0F062S" failures="0" tests="1" name="Test" time="19.897" errors="0" timestamp="2022-03-28T10:57:52 IST">
  <testcase classname="com.Automation.Test.BaseTest" name="@AfterMethod Close" time="0.001">
    <failure type="java.lang.NullPointerException" message="Cannot invoke &amp;quot;org.openqa.selenium.WebDriver.quit()&amp;quot; because &amp;quot;this.driver&amp;quot; is null">
      <![CDATA[java.lang.NullPointerException: Cannot invoke "org.openqa.selenium.WebDriver.quit()" because "this.driver" is null
at com.Automation.Test.BaseTest.Close(BaseTest.java:22)
at java.base/java.util.ArrayList.forEach(ArrayList.java:1511)
... Removed 32 stack frames]]>
    </failure>
  </testcase> <!-- @AfterMethod Close -->
  <testcase classname="com.Automation.Test.VeriFyLoginTest" name="Validation_Login_Testcase" time="17.346"/>
</testsuite> <!-- Test -->
